  Building Custom Rule C:/Users/jfurtado/Desktop/bullet3-2.86.1/src/Bullet3OpenCL/CMakeLists.txt
  CMake does not need to re-run because C:/Advanced Game Physics/2017.advancedgamephysics.justinfurtado/Code/Middleware/bullet3/src/Bullet3OpenCL/CMakeFiles/generate.stamp is up-to-date.
  clew.c
  b3GpuGridBroadphase.cpp
C:\Users\jfurtado\Desktop\bullet3-2.86.1\src\Bullet3OpenCL\BroadphaseCollision\b3GpuGridBroadphase.cpp(283): warning C4018: '<': signed/unsigned mismatch
  b3GpuSapBroadphase.cpp
  b3GpuParallelLinearBvhBroadphase.cpp
  b3GpuParallelLinearBvh.cpp
  b3OpenCLUtils.cpp
  b3ContactCache.cpp
  b3ConvexHullContact.cpp
  b3GjkEpa.cpp
  b3GjkPairDetector.cpp
  b3OptimizedBvh.cpp
  b3QuantizedBvh.cpp
  b3StridingMeshInterface.cpp
  b3TriangleCallback.cpp
  b3TriangleIndexVertexArray.cpp
  b3VoronoiSimplexSolver.cpp
  b3BoundSearchCL.cpp
C:\Users\jfurtado\Desktop\bullet3-2.86.1\src\Bullet3OpenCL\ParallelPrimitives\b3BoundSearchCL.cpp(112): warning C4018: '<=': signed/unsigned mismatch
C:\Users\jfurtado\Desktop\bullet3-2.86.1\src\Bullet3OpenCL\ParallelPrimitives\b3BoundSearchCL.cpp(113): warning C4018: '<=': signed/unsigned mismatch
  b3FillCL.cpp
  b3LauncherCL.cpp
  b3PrefixScanCL.cpp
  b3PrefixScanFloat4CL.cpp
  Generating Code...
  Compiling...
  b3RadixSort32CL.cpp
  b3GpuRaycast.cpp
C:\Users\jfurtado\Desktop\bullet3-2.86.1\src\Bullet3OpenCL\Raycast\b3GpuRaycast.cpp(314): warning C4018: '>': signed/unsigned mismatch
  b3GpuGenericConstraint.cpp
  b3GpuJacobiContactSolver.cpp
C:\Users\jfurtado\Desktop\bullet3-2.86.1\src\Bullet3OpenCL\RigidBody\b3GpuJacobiContactSolver.cpp(565): warning C4018: '<': signed/unsigned mismatch
  b3GpuNarrowPhase.cpp
  b3GpuPgsConstraintSolver.cpp
  b3GpuPgsContactSolver.cpp
  b3GpuRigidBodyPipeline.cpp
C:\Users\jfurtado\Desktop\bullet3-2.86.1\src\Bullet3OpenCL\RigidBody\b3GpuRigidBodyPipeline.cpp(68): warning C4316: 'b3GpuRigidBodyPipelineInternalData': object allocated on the heap may not be aligned 16
  b3Solver.cpp
  Generating Code...
  Bullet3OpenCL_clew.vcxproj -> C:\Advanced Game Physics\2017.advancedgamephysics.justinfurtado\Code\Middleware\bullet3\lib\Debug\Bullet3OpenCL_clew_Debug.lib
