  Checking Build System
  CMake does not need to re-run because C:/Advanced Game Physics/2017.advancedgamephysics.justinfurtado/Code/Middleware/bullet3/CMakeFiles/generate.stamp is up-to-date.
  CMake does not need to re-run because C:/Advanced Game Physics/2017.advancedgamephysics.justinfurtado/Code/Middleware/bullet3/examples/CMakeFiles/generate.stamp is up-to-date.
  CMake does not need to re-run because C:/Advanced Game Physics/2017.advancedgamephysics.justinfurtado/Code/Middleware/bullet3/Extras/CMakeFiles/generate.stamp is up-to-date.
  CMake does not need to re-run because C:/Advanced Game Physics/2017.advancedgamephysics.justinfurtado/Code/Middleware/bullet3/src/CMakeFiles/generate.stamp is up-to-date.
  CMake does not need to re-run because C:/Advanced Game Physics/2017.advancedgamephysics.justinfurtado/Code/Middleware/bullet3/test/CMakeFiles/generate.stamp is up-to-date.
  CMake does not need to re-run because C:/Advanced Game Physics/2017.advancedgamephysics.justinfurtado/Code/Middleware/bullet3/examples/HelloWorld/CMakeFiles/generate.stamp is up-to-date.
  CMake does not need to re-run because C:/Advanced Game Physics/2017.advancedgamephysics.justinfurtado/Code/Middleware/bullet3/examples/BasicDemo/CMakeFiles/generate.stamp is up-to-date.
  CMake does not need to re-run because C:/Advanced Game Physics/2017.advancedgamephysics.justinfurtado/Code/Middleware/bullet3/examples/ExampleBrowser/CMakeFiles/generate.stamp is up-to-date.
  CMake does not need to re-run because C:/Advanced Game Physics/2017.advancedgamephysics.justinfurtado/Code/Middleware/bullet3/examples/SharedMemory/CMakeFiles/generate.stamp is up-to-date.
  CMake does not need to re-run because C:/Advanced Game Physics/2017.advancedgamephysics.justinfurtado/Code/Middleware/bullet3/examples/ThirdPartyLibs/Gwen/CMakeFiles/generate.stamp is up-to-date.
  CMake does not need to re-run because C:/Advanced Game Physics/2017.advancedgamephysics.justinfurtado/Code/Middleware/bullet3/examples/ThirdPartyLibs/BussIK/CMakeFiles/generate.stamp is up-to-date.
  CMake does not need to re-run because C:/Advanced Game Physics/2017.advancedgamephysics.justinfurtado/Code/Middleware/bullet3/examples/OpenGLWindow/CMakeFiles/generate.stamp is up-to-date.
  CMake does not need to re-run because C:/Advanced Game Physics/2017.advancedgamephysics.justinfurtado/Code/Middleware/bullet3/Extras/Serialize/CMakeFiles/generate.stamp is up-to-date.
  CMake does not need to re-run because C:/Advanced Game Physics/2017.advancedgamephysics.justinfurtado/Code/Middleware/bullet3/Extras/ConvexDecomposition/CMakeFiles/generate.stamp is up-to-date.
  CMake does not need to re-run because C:/Advanced Game Physics/2017.advancedgamephysics.justinfurtado/Code/Middleware/bullet3/Extras/HACD/CMakeFiles/generate.stamp is up-to-date.
  CMake does not need to re-run because C:/Advanced Game Physics/2017.advancedgamephysics.justinfurtado/Code/Middleware/bullet3/Extras/GIMPACTUtils/CMakeFiles/generate.stamp is up-to-date.
  CMake does not need to re-run because C:/Advanced Game Physics/2017.advancedgamephysics.justinfurtado/Code/Middleware/bullet3/Extras/InverseDynamics/CMakeFiles/generate.stamp is up-to-date.
  CMake does not need to re-run because C:/Advanced Game Physics/2017.advancedgamephysics.justinfurtado/Code/Middleware/bullet3/Extras/Serialize/BulletFileLoader/CMakeFiles/generate.stamp is up-to-date.
  CMake does not need to re-run because C:/Advanced Game Physics/2017.advancedgamephysics.justinfurtado/Code/Middleware/bullet3/Extras/Serialize/BulletXmlWorldImporter/CMakeFiles/generate.stamp is up-to-date.
  CMake does not need to re-run because C:/Advanced Game Physics/2017.advancedgamephysics.justinfurtado/Code/Middleware/bullet3/Extras/Serialize/BulletWorldImporter/CMakeFiles/generate.stamp is up-to-date.
  CMake does not need to re-run because C:/Advanced Game Physics/2017.advancedgamephysics.justinfurtado/Code/Middleware/bullet3/src/Bullet3OpenCL/CMakeFiles/generate.stamp is up-to-date.
  CMake does not need to re-run because C:/Advanced Game Physics/2017.advancedgamephysics.justinfurtado/Code/Middleware/bullet3/src/Bullet3Serialize/Bullet2FileLoader/CMakeFiles/generate.stamp is up-to-date.
  CMake does not need to re-run because C:/Advanced Game Physics/2017.advancedgamephysics.justinfurtado/Code/Middleware/bullet3/src/Bullet3Dynamics/CMakeFiles/generate.stamp is up-to-date.
  CMake does not need to re-run because C:/Advanced Game Physics/2017.advancedgamephysics.justinfurtado/Code/Middleware/bullet3/src/Bullet3Collision/CMakeFiles/generate.stamp is up-to-date.
  CMake does not need to re-run because C:/Advanced Game Physics/2017.advancedgamephysics.justinfurtado/Code/Middleware/bullet3/src/Bullet3Geometry/CMakeFiles/generate.stamp is up-to-date.
  CMake does not need to re-run because C:/Advanced Game Physics/2017.advancedgamephysics.justinfurtado/Code/Middleware/bullet3/src/Bullet3Common/CMakeFiles/generate.stamp is up-to-date.
  CMake does not need to re-run because C:/Advanced Game Physics/2017.advancedgamephysics.justinfurtado/Code/Middleware/bullet3/src/BulletInverseDynamics/CMakeFiles/generate.stamp is up-to-date.
  CMake does not need to re-run because C:/Advanced Game Physics/2017.advancedgamephysics.justinfurtado/Code/Middleware/bullet3/src/BulletSoftBody/CMakeFiles/generate.stamp is up-to-date.
  CMake does not need to re-run because C:/Advanced Game Physics/2017.advancedgamephysics.justinfurtado/Code/Middleware/bullet3/src/BulletCollision/CMakeFiles/generate.stamp is up-to-date.
  CMake does not need to re-run because C:/Advanced Game Physics/2017.advancedgamephysics.justinfurtado/Code/Middleware/bullet3/src/BulletDynamics/CMakeFiles/generate.stamp is up-to-date.
  CMake does not need to re-run because C:/Advanced Game Physics/2017.advancedgamephysics.justinfurtado/Code/Middleware/bullet3/src/LinearMath/CMakeFiles/generate.stamp is up-to-date.
  CMake does not need to re-run because C:/Advanced Game Physics/2017.advancedgamephysics.justinfurtado/Code/Middleware/bullet3/test/InverseDynamics/CMakeFiles/generate.stamp is up-to-date.
  CMake does not need to re-run because C:/Advanced Game Physics/2017.advancedgamephysics.justinfurtado/Code/Middleware/bullet3/test/SharedMemory/CMakeFiles/generate.stamp is up-to-date.
  CMake does not need to re-run because C:/Advanced Game Physics/2017.advancedgamephysics.justinfurtado/Code/Middleware/bullet3/test/gtest-1.7.0/CMakeFiles/generate.stamp is up-to-date.
  CMake does not need to re-run because C:/Advanced Game Physics/2017.advancedgamephysics.justinfurtado/Code/Middleware/bullet3/test/collision/CMakeFiles/generate.stamp is up-to-date.
  CMake does not need to re-run because C:/Advanced Game Physics/2017.advancedgamephysics.justinfurtado/Code/Middleware/bullet3/test/RobotLogging/CMakeFiles/generate.stamp is up-to-date.
  CMake does not need to re-run because C:/Advanced Game Physics/2017.advancedgamephysics.justinfurtado/Code/Middleware/bullet3/test/BulletDynamics/pendulum/CMakeFiles/generate.stamp is up-to-date.
